<?xml version="1.0" encoding="utf-8"?><testsuites name="pytest tests"><testsuite name="pytest" errors="0" failures="0" skipped="0" tests="19" time="31.490" timestamp="2026-04-24T08:25:37.350025+00:00" hostname="agent-env-c65fbd88-56ef-4d81-b946-32fa68065431"><testcase classname="backend.tests.test_iter9.TestPhase" name="test_set_phase_valid" time="0.313" /><testcase classname="backend.tests.test_iter9.TestPhase" name="test_set_phase_invalid_400" time="0.040" /><testcase classname="backend.tests.test_iter9.TestPhase" name="test_set_phase_404" time="0.076" /><testcase classname="backend.tests.test_iter9.TestMarketCriteria" name="test_get_defaults_es" time="0.045" /><testcase classname="backend.tests.test_iter9.TestMarketCriteria" name="test_get_defaults_us" time="0.042" /><testcase classname="backend.tests.test_iter9.TestMarketCriteria" name="test_put_partial_merge" time="0.135" /><testcase classname="backend.tests.test_iter9.TestMarketCriteria" name="test_delete_resets_to_defaults" time="0.088" /><testcase classname="backend.tests.test_iter9.TestCampaignsList" name="test_campaigns_list_unique_sorted" time="0.045" /><testcase classname="backend.tests.test_iter9.TestCampaignsList" name="test_campaigns_list_includes_overrides" time="0.089" /><testcase classname="backend.tests.test_iter9.TestBackup" name="test_backup_returns_json" time="0.257" /><testcase classname="backend.tests.test_iter9.TestBackup" name="test_restore_replaces_content" time="0.135" /><testcase classname="backend.tests.test_iter9.TestBackup" name="test_restore_invalid_json_400" time="0.041" /><testcase classname="backend.tests.test_iter9.TestBackup" name="test_restore_missing_dataset_key_400" time="0.051" /><testcase classname="backend.tests.test_iter9.TestKeywordsUnifiedV2" name="test_includes_market_score_and_campaigns" time="0.043" /><testcase classname="backend.tests.test_iter9.TestKeywordsUnifiedV2" name="test_market_score_changes_with_criteria" time="0.368" /><testcase classname="backend.tests.test_iter9.TestAiRecs" name="test_ai_recommendations_responds" time="29.438" /><testcase classname="backend.tests.test_iter9.TestRegression" name="test_list_datasets" time="0.089" /><testcase classname="backend.tests.test_iter9.TestRegression" name="test_campaigns_endpoint" time="0.045" /><testcase classname="backend.tests.test_iter9.TestRegression" name="test_search_terms" time="0.086" /></testsuite></testsuites>