<?xml version="1.0" encoding="utf-8"?><testsuites name="pytest tests"><testsuite name="pytest" errors="0" failures="2" skipped="0" tests="19" time="27.421" timestamp="2026-04-24T08:18:32.559065+00:00" hostname="agent-env-c65fbd88-56ef-4d81-b946-32fa68065431"><testcase classname="backend.tests.test_iter9.TestPhase" name="test_set_phase_valid" time="0.386" /><testcase classname="backend.tests.test_iter9.TestPhase" name="test_set_phase_invalid_400" time="0.042" /><testcase classname="backend.tests.test_iter9.TestPhase" name="test_set_phase_404" time="0.050" /><testcase classname="backend.tests.test_iter9.TestMarketCriteria" name="test_get_defaults_es" time="0.058" /><testcase classname="backend.tests.test_iter9.TestMarketCriteria" name="test_get_defaults_us" time="0.044" /><testcase classname="backend.tests.test_iter9.TestMarketCriteria" name="test_put_partial_merge" time="0.131" /><testcase classname="backend.tests.test_iter9.TestMarketCriteria" name="test_delete_resets_to_defaults" time="0.095" /><testcase classname="backend.tests.test_iter9.TestCampaignsList" name="test_campaigns_list_unique_sorted" time="0.044" /><testcase classname="backend.tests.test_iter9.TestCampaignsList" name="test_campaigns_list_includes_overrides" time="0.088" /><testcase classname="backend.tests.test_iter9.TestBackup" name="test_backup_returns_json" time="0.043" /><testcase classname="backend.tests.test_iter9.TestBackup" name="test_restore_replaces_content" time="0.129" /><testcase classname="backend.tests.test_iter9.TestBackup" name="test_restore_invalid_json_400" time="0.044" /><testcase classname="backend.tests.test_iter9.TestBackup" name="test_restore_missing_dataset_key_400" time="0.042" /><testcase classname="backend.tests.test_iter9.TestKeywordsUnifiedV2" name="test_includes_market_score_and_campaigns" time="0.044"><failure message="AssertionError: assert False&#10; +  where False = isinstance({'acos_equilibrio': None, 'book_economy': {'precio_libro': 0.0, 'regalias_por_venta': 0.0}, 'guias_fase': {'beneficio': None, 'dominio': None, 'lanzamiento': None}, 'key': 'customer_search_term', ...}, list)">backend/tests/test_iter9.py:214: in test_includes_market_score_and_campaigns
    assert isinstance(data, list)
E   AssertionError: assert False
E    +  where False = isinstance({'acos_equilibrio': None, 'book_economy': {'precio_libro': 0.0, 'regalias_por_venta': 0.0}, 'guias_fase': {'beneficio': None, 'dominio': None, 'lanzamiento': None}, 'key': 'customer_search_term', ...}, list)</failure></testcase><testcase classname="backend.tests.test_iter9.TestKeywordsUnifiedV2" name="test_market_score_changes_with_criteria" time="0.086"><failure message="TypeError: string indices must be integers, not 'str'">backend/tests/test_iter9.py:228: in test_market_score_changes_with_criteria
    base_scores = [round(x["market_score"]) for x in r1]
                  ^^^^^^^^^^^^^^^^^^^^^^^^^^^^^^^^^^^^^^
backend/tests/test_iter9.py:228: in &lt;listcomp&gt;
    base_scores = [round(x["market_score"]) for x in r1]
                         ^^^^^^^^^^^^^^^^^
E   TypeError: string indices must be integers, not 'str'</failure></testcase><testcase classname="backend.tests.test_iter9.TestAiRecs" name="test_ai_recommendations_responds" time="25.699" /><testcase classname="backend.tests.test_iter9.TestRegression" name="test_list_datasets" time="0.048" /><testcase classname="backend.tests.test_iter9.TestRegression" name="test_campaigns_endpoint" time="0.045" /><testcase classname="backend.tests.test_iter9.TestRegression" name="test_search_terms" time="0.089" /></testsuite></testsuites>