<?xml version="1.0" encoding="utf-8"?><testsuites name="pytest tests"><testsuite name="pytest" errors="0" failures="0" skipped="0" tests="37" time="34.736" timestamp="2026-04-22T09:52:53.443882+00:00" hostname="agent-env-c65fbd88-56ef-4d81-b946-32fa68065431"><testcase classname="backend.tests.backend_test.TestHealth" name="test_root" time="0.184" /><testcase classname="backend.tests.backend_test.TestBookSettings" name="test_put_book_persists" time="0.146" /><testcase classname="backend.tests.backend_test.TestBookSettings" name="test_put_book_404_unknown_dataset" time="0.046" /><testcase classname="backend.tests.backend_test.TestKeywordsUnified" name="test_unified_structure_and_formulas" time="0.091" /><testcase classname="backend.tests.backend_test.TestKeywordsUnified" name="test_unified_without_economy_sin_datos" time="0.134" /><testcase classname="backend.tests.backend_test.TestCampaignsWithEconomy" name="test_campaigns_include_badge_and_acos_next" time="0.087" /><testcase classname="backend.tests.backend_test.TestSearchTermsWithEconomy" name="test_search_terms_include_badge_and_acos_next" time="0.107" /><testcase classname="backend.tests.backend_test.TestUploadSizeLimit" name="test_upload_too_large_413" time="0.861" /><testcase classname="backend.tests.backend_test.TestUploadCSVEN" name="test_upload_returns_metadata" time="0.000" /><testcase classname="backend.tests.backend_test.TestUploadCSVEN" name="test_kpis_computed" time="0.000" /><testcase classname="backend.tests.backend_test.TestUploadCSVES" name="test_upload_es_mapping" time="0.089" /><testcase classname="backend.tests.backend_test.TestUploadXLSX" name="test_upload_xlsx" time="0.227" /><testcase classname="backend.tests.backend_test.TestUploadInvalid" name="test_invalid_file_400" time="0.047" /><testcase classname="backend.tests.backend_test.TestUploadInvalid" name="test_empty_csv_400" time="0.044" /><testcase classname="backend.tests.backend_test.TestListDatasets" name="test_list_excludes_internal_fields" time="0.043" /><testcase classname="backend.tests.backend_test.TestListDatasets" name="test_list_filtered_by_marketplace" time="0.044" /><testcase classname="backend.tests.backend_test.TestGetDataset" name="test_get_full_dataset" time="0.043" /><testcase classname="backend.tests.backend_test.TestGetDataset" name="test_get_404" time="0.043" /><testcase classname="backend.tests.backend_test.TestCampaigns" name="test_aggregate_by_campaign" time="0.042" /><testcase classname="backend.tests.backend_test.TestSearchTerms" name="test_search_terms_with_negative_flag" time="0.084" /><testcase classname="backend.tests.backend_test.TestTimeseries" name="test_timeseries_by_date" time="0.043" /><testcase classname="backend.tests.backend_test.TestTimeseries" name="test_timeseries_fallback_campaign" time="0.044" /><testcase classname="backend.tests.backend_test.TestAIRecommendations" name="test_ai_recs" time="30.110" /><testcase classname="backend.tests.backend_test.TestDelete" name="test_delete_dataset" time="0.222" /><testcase classname="backend.tests.backend_test.TestIter3Overrides" name="test_upsert_keyword_updates_unified" time="0.177" /><testcase classname="backend.tests.backend_test.TestIter3Overrides" name="test_upsert_empty_term_400" time="0.083" /><testcase classname="backend.tests.backend_test.TestIter3Overrides" name="test_upsert_unknown_dataset_404" time="0.045" /><testcase classname="backend.tests.backend_test.TestIter3Overrides" name="test_delete_keyword_restores_aggregated" time="0.187" /><testcase classname="backend.tests.backend_test.TestIter3Campaign" name="test_create_campaign_with_keywords" time="0.219" /><testcase classname="backend.tests.backend_test.TestIter3Campaign" name="test_create_campaign_empty_name_400" time="0.042" /><testcase classname="backend.tests.backend_test.TestIter3Snapshots" name="test_snapshot_all_and_dedupe_same_day" time="0.299" /><testcase classname="backend.tests.backend_test.TestIter3Snapshots" name="test_get_snapshots_unknown_term_returns_empty" time="0.043" /><testcase classname="backend.tests.backend_test.TestIter3Snapshots" name="test_snapshot_all_404" time="0.044" /><testcase classname="backend.tests.backend_test.TestIter3KeywordDetail" name="test_keyword_detail_full_payload" time="0.127" /><testcase classname="backend.tests.backend_test.TestIter3KeywordDetail" name="test_keyword_detail_unknown_term_is_manual_false" time="0.042" /><testcase classname="backend.tests.backend_test.TestIter3KeywordDetail" name="test_keyword_detail_404" time="0.044" /><testcase classname="backend.tests.backend_test.TestIter3UnifiedSummary" name="test_keywords_unified_has_summary_block" time="0.175" /></testsuite></testsuites>