<?xml version="1.0" encoding="utf-8"?><testsuites name="pytest tests"><testsuite name="pytest" errors="0" failures="0" skipped="0" tests="49" time="33.177" timestamp="2026-04-22T10:17:50.559518+00:00" hostname="agent-env-c65fbd88-56ef-4d81-b946-32fa68065431"><testcase classname="tests.backend_test.TestHealth" name="test_root" time="0.129" /><testcase classname="tests.backend_test.TestBookSettings" name="test_put_book_persists" time="0.144" /><testcase classname="tests.backend_test.TestBookSettings" name="test_put_book_404_unknown_dataset" time="0.048" /><testcase classname="tests.backend_test.TestKeywordsUnified" name="test_unified_structure_and_formulas" time="0.092" /><testcase classname="tests.backend_test.TestKeywordsUnified" name="test_unified_without_economy_sin_datos" time="0.141" /><testcase classname="tests.backend_test.TestCampaignsWithEconomy" name="test_campaigns_include_badge_and_acos_next" time="0.101" /><testcase classname="tests.backend_test.TestSearchTermsWithEconomy" name="test_search_terms_include_badge_and_acos_next" time="0.089" /><testcase classname="tests.backend_test.TestUploadSizeLimit" name="test_upload_too_large_413" time="0.887" /><testcase classname="tests.backend_test.TestUploadCSVEN" name="test_upload_returns_metadata" time="0.000" /><testcase classname="tests.backend_test.TestUploadCSVEN" name="test_kpis_computed" time="0.000" /><testcase classname="tests.backend_test.TestUploadCSVES" name="test_upload_es_mapping" time="0.053" /><testcase classname="tests.backend_test.TestUploadXLSX" name="test_upload_xlsx" time="0.227" /><testcase classname="tests.backend_test.TestUploadInvalid" name="test_invalid_file_400" time="0.048" /><testcase classname="tests.backend_test.TestUploadInvalid" name="test_empty_csv_400" time="0.046" /><testcase classname="tests.backend_test.TestListDatasets" name="test_list_excludes_internal_fields" time="0.044" /><testcase classname="tests.backend_test.TestListDatasets" name="test_list_filtered_by_marketplace" time="0.045" /><testcase classname="tests.backend_test.TestGetDataset" name="test_get_full_dataset" time="0.045" /><testcase classname="tests.backend_test.TestGetDataset" name="test_get_404" time="0.044" /><testcase classname="tests.backend_test.TestCampaigns" name="test_aggregate_by_campaign" time="0.049" /><testcase classname="tests.backend_test.TestSearchTerms" name="test_search_terms_with_negative_flag" time="0.047" /><testcase classname="tests.backend_test.TestTimeseries" name="test_timeseries_by_date" time="0.048" /><testcase classname="tests.backend_test.TestTimeseries" name="test_timeseries_fallback_campaign" time="0.050" /><testcase classname="tests.backend_test.TestAIRecommendations" name="test_ai_recs" time="27.058" /><testcase classname="tests.backend_test.TestDelete" name="test_delete_dataset" time="0.144" /><testcase classname="tests.backend_test.TestIter3Overrides" name="test_upsert_keyword_updates_unified" time="0.222" /><testcase classname="tests.backend_test.TestIter3Overrides" name="test_upsert_empty_term_400" time="1.046" /><testcase classname="tests.backend_test.TestIter3Overrides" name="test_upsert_unknown_dataset_404" time="0.047" /><testcase classname="tests.backend_test.TestIter3Overrides" name="test_delete_keyword_restores_aggregated" time="0.188" /><testcase classname="tests.backend_test.TestIter3Campaign" name="test_create_campaign_with_keywords" time="0.230" /><testcase classname="tests.backend_test.TestIter3Campaign" name="test_create_campaign_empty_name_400" time="0.049" /><testcase classname="tests.backend_test.TestIter3Snapshots" name="test_snapshot_all_and_dedupe_same_day" time="0.219" /><testcase classname="tests.backend_test.TestIter3Snapshots" name="test_get_snapshots_unknown_term_returns_empty" time="0.043" /><testcase classname="tests.backend_test.TestIter3Snapshots" name="test_snapshot_all_404" time="0.045" /><testcase classname="tests.backend_test.TestIter3KeywordDetail" name="test_keyword_detail_full_payload" time="0.097" /><testcase classname="tests.backend_test.TestIter3KeywordDetail" name="test_keyword_detail_unknown_term_is_manual_false" time="0.047" /><testcase classname="tests.backend_test.TestIter3KeywordDetail" name="test_keyword_detail_404" time="0.044" /><testcase classname="tests.backend_test.TestIter3UnifiedSummary" name="test_keywords_unified_has_summary_block" time="0.092" /><testcase classname="tests.test_iter4.TestMarketScoreUnit" name="test_all_zeros" time="0.000" /><testcase classname="tests.test_iter4.TestMarketScoreUnit" name="test_strong_niche" time="0.000" /><testcase classname="tests.test_iter4.TestMarketScoreUnit" name="test_score_increases_with_volume" time="0.000" /><testcase classname="tests.test_iter4.TestMarketScoreUnit" name="test_score_increases_with_demand_and_competition_checks" time="0.000" /><testcase classname="tests.test_iter4.TestMarketScoreUnit" name="test_label_bands" time="0.000" /><testcase classname="tests.test_iter4.TestAcosSinVentaUnit" name="test_formula" time="0.000" /><testcase classname="tests.test_iter4.TestAcosSinVentaUnit" name="test_none_when_no_sales" time="0.000" /><testcase classname="tests.test_iter4.TestNicheFieldsPersistence" name="test_put_keyword_with_niche_fields" time="0.328" /><testcase classname="tests.test_iter4.TestNicheFieldsPersistence" name="test_keyword_detail_market_score_payload" time="0.047" /><testcase classname="tests.test_iter4.TestAutoSpend" name="test_auto_spend_overwrites_spend" time="0.138" /><testcase classname="tests.test_iter4.TestAutoSpend" name="test_no_auto_spend_keeps_spend" time="0.136" /><testcase classname="tests.test_iter4.TestAcosSinVentaInUnified" name="test_acos_sin_venta_in_row" time="0.183" /></testsuite></testsuites>