<?xml version="1.0" encoding="utf-8"?><testsuites name="pytest tests"><testsuite name="pytest" errors="0" failures="0" skipped="0" tests="13" time="1.195" timestamp="2026-04-24T07:15:56.758105+00:00" hostname="agent-env-c65fbd88-56ef-4d81-b946-32fa68065431"><testcase classname="backend.tests.test_iter6.TestAutopilotPhases" name="test_phase_lanzamiento_multiplier_and_structure" time="0.232" /><testcase classname="backend.tests.test_iter6.TestAutopilotPhases" name="test_phase_dominio_multiplier" time="0.042" /><testcase classname="backend.tests.test_iter6.TestAutopilotPhases" name="test_phase_beneficio_multiplier" time="0.046" /><testcase classname="backend.tests.test_iter6.TestAutopilotPhases" name="test_invalid_phase_400" time="0.044" /><testcase classname="backend.tests.test_iter6.TestAutopilotPhases" name="test_beneficio_has_more_pauses_than_dominio_and_lanzamiento" time="0.129" /><testcase classname="backend.tests.test_iter6.TestAutopilotPhases" name="test_hard_pause_rules_per_phase" time="0.129" /><testcase classname="backend.tests.test_iter6.TestAutopilotPhases" name="test_scale_rule_lanzamiento_plus20" time="0.041" /><testcase classname="backend.tests.test_iter6.TestAutopilotPhases" name="test_scale_rule_dominio_plus15" time="0.042" /><testcase classname="backend.tests.test_iter6.TestAutopilotPhases" name="test_scale_rule_beneficio_plus10" time="0.044" /><testcase classname="backend.tests.test_iter6.TestAutopilotExportPhases" name="test_export_csv_differs_by_phase" time="0.085" /><testcase classname="backend.tests.test_iter6.TestKeywordInlineEditCampaignMatch" name="test_put_keyword_campaign_reflects_in_unified" time="0.086" /><testcase classname="backend.tests.test_iter6.TestKeywordInlineEditCampaignMatch" name="test_put_keyword_match_type_reflects_in_unified" time="0.086" /><testcase classname="backend.tests.test_iter6.TestKeywordInlineEditCampaignMatch" name="test_put_keyword_campaign_and_match_together" time="0.126" /></testsuite></testsuites>