<?xml version="1.0" encoding="utf-8"?><testsuites name="pytest tests"><testsuite name="pytest" errors="0" failures="0" skipped="0" tests="187" time="65.994" timestamp="2026-05-02T06:34:41.108523+00:00" hostname="agent-env-c65fbd88-56ef-4d81-b946-32fa68065431"><testcase classname="tests.backend_test.TestHealth" name="test_root" time="0.004" /><testcase classname="tests.backend_test.TestBookSettings" name="test_put_book_persists" time="0.132" /><testcase classname="tests.backend_test.TestBookSettings" name="test_put_book_404_unknown_dataset" time="0.044" /><testcase classname="tests.backend_test.TestKeywordsUnified" name="test_unified_structure_and_formulas" time="0.087" /><testcase classname="tests.backend_test.TestKeywordsUnified" name="test_unified_without_economy_sin_datos" time="0.132" /><testcase classname="tests.backend_test.TestCampaignsWithEconomy" name="test_campaigns_include_badge_and_acos_next" time="0.086" /><testcase classname="tests.backend_test.TestSearchTermsWithEconomy" name="test_search_terms_include_badge_and_acos_next" time="0.086" /><testcase classname="tests.backend_test.TestUploadSizeLimit" name="test_upload_too_large_413" time="0.140" /><testcase classname="tests.backend_test.TestUploadCSVEN" name="test_upload_returns_metadata" time="0.000" /><testcase classname="tests.backend_test.TestUploadCSVEN" name="test_kpis_computed" time="0.000" /><testcase classname="tests.backend_test.TestUploadCSVES" name="test_upload_es_mapping" time="0.047" /><testcase classname="tests.backend_test.TestUploadXLSX" name="test_upload_xlsx" time="0.110" /><testcase classname="tests.backend_test.TestUploadInvalid" name="test_invalid_file_400" time="0.045" /><testcase classname="tests.backend_test.TestUploadInvalid" name="test_empty_csv_400" time="0.045" /><testcase classname="tests.backend_test.TestListDatasets" name="test_list_excludes_internal_fields" time="0.044" /><testcase classname="tests.backend_test.TestListDatasets" name="test_list_filtered_by_marketplace" time="0.043" /><testcase classname="tests.backend_test.TestGetDataset" name="test_get_full_dataset" time="0.043" /><testcase classname="tests.backend_test.TestGetDataset" name="test_get_404" time="0.042" /><testcase classname="tests.backend_test.TestCampaigns" name="test_aggregate_by_campaign" time="0.044" /><testcase classname="tests.backend_test.TestSearchTerms" name="test_search_terms_with_negative_flag" time="0.044" /><testcase classname="tests.backend_test.TestTimeseries" name="test_timeseries_by_date" time="0.043" /><testcase classname="tests.backend_test.TestTimeseries" name="test_timeseries_fallback_campaign" time="0.043" /><testcase classname="tests.backend_test.TestAIRecommendations" name="test_ai_recs" time="31.896" /><testcase classname="tests.backend_test.TestDelete" name="test_delete_dataset" time="0.131" /><testcase classname="tests.backend_test.TestIter3Overrides" name="test_upsert_keyword_updates_unified" time="0.172" /><testcase classname="tests.backend_test.TestIter3Overrides" name="test_upsert_empty_term_400" time="0.042" /><testcase classname="tests.backend_test.TestIter3Overrides" name="test_upsert_unknown_dataset_404" time="0.043" /><testcase classname="tests.backend_test.TestIter3Overrides" name="test_delete_keyword_restores_aggregated" time="0.172" /><testcase classname="tests.backend_test.TestIter3Campaign" name="test_create_campaign_with_keywords" time="0.215" /><testcase classname="tests.backend_test.TestIter3Campaign" name="test_create_campaign_empty_name_400" time="0.043" /><testcase classname="tests.backend_test.TestIter3Snapshots" name="test_snapshot_all_and_dedupe_same_day" time="0.215" /><testcase classname="tests.backend_test.TestIter3Snapshots" name="test_get_snapshots_unknown_term_returns_empty" time="0.042" /><testcase classname="tests.backend_test.TestIter3Snapshots" name="test_snapshot_all_404" time="0.042" /><testcase classname="tests.backend_test.TestIter3KeywordDetail" name="test_keyword_detail_full_payload" time="0.086" /><testcase classname="tests.backend_test.TestIter3KeywordDetail" name="test_keyword_detail_unknown_term_is_manual_false" time="0.044" /><testcase classname="tests.backend_test.TestIter3KeywordDetail" name="test_keyword_detail_404" time="0.042" /><testcase classname="tests.backend_test.TestIter3UnifiedSummary" name="test_keywords_unified_has_summary_block" time="0.086" /><testcase classname="tests.test_iter4.TestMarketScoreUnit" name="test_all_zeros" time="0.000" /><testcase classname="tests.test_iter4.TestMarketScoreUnit" name="test_strong_niche" time="0.000" /><testcase classname="tests.test_iter4.TestMarketScoreUnit" name="test_score_increases_with_volume" time="0.000" /><testcase classname="tests.test_iter4.TestMarketScoreUnit" name="test_score_increases_with_demand_and_competition_checks" time="0.000" /><testcase classname="tests.test_iter4.TestMarketScoreUnit" name="test_label_bands" time="0.000" /><testcase classname="tests.test_iter4.TestAcosSinVentaUnit" name="test_formula" time="0.000" /><testcase classname="tests.test_iter4.TestAcosSinVentaUnit" name="test_none_when_no_sales" time="0.000" /><testcase classname="tests.test_iter4.TestNicheFieldsPersistence" name="test_put_keyword_with_niche_fields" time="0.136" /><testcase classname="tests.test_iter4.TestNicheFieldsPersistence" name="test_keyword_detail_market_score_payload" time="0.043" /><testcase classname="tests.test_iter4.TestAutoSpend" name="test_auto_spend_overwrites_spend" time="0.130" /><testcase classname="tests.test_iter4.TestAutoSpend" name="test_no_auto_spend_keeps_spend" time="0.130" /><testcase classname="tests.test_iter4.TestAcosSinVentaInUnified" name="test_acos_sin_venta_in_row" time="0.086" /><testcase classname="tests.test_iter5.TestSimulation" name="test_simulation_present_with_price" time="0.092" /><testcase classname="tests.test_iter5.TestSimulation" name="test_simulation_null_when_no_price" time="0.131" /><testcase classname="tests.test_iter5.TestSimulation" name="test_simulation_no_sale_null_when_no_sales" time="0.045" /><testcase classname="tests.test_iter5.TestCampaignPlansCRUD" name="test_list_empty" time="0.043" /><testcase classname="tests.test_iter5.TestCampaignPlansCRUD" name="test_create_plan" time="0.086" /><testcase classname="tests.test_iter5.TestCampaignPlansCRUD" name="test_create_empty_name_400" time="0.043" /><testcase classname="tests.test_iter5.TestCampaignPlansCRUD" name="test_create_unknown_dataset_404" time="0.043" /><testcase classname="tests.test_iter5.TestCampaignPlansCRUD" name="test_update_plan" time="0.171" /><testcase classname="tests.test_iter5.TestCampaignPlansCRUD" name="test_delete_plan" time="0.128" /><testcase classname="tests.test_iter5.TestCampaignPlansCRUD" name="test_update_unknown_dataset_404" time="0.043" /><testcase classname="tests.test_iter5.TestPlanSummary" name="test_summary_totals_and_phase_target" time="0.172" /><testcase classname="tests.test_iter5.TestPlanSummary" name="test_phase_multipliers" time="0.431" /><testcase classname="tests.test_iter5.TestPlanSummary" name="test_summary_plan_404" time="0.042" /><testcase classname="tests.test_iter5.TestExportNegatives" name="test_csv_header_and_rows" time="0.044" /><testcase classname="tests.test_iter5.TestExportNegatives" name="test_min_clicks_filter" time="0.043" /><testcase classname="tests.test_iter5.TestExportNegatives" name="test_export_404" time="0.086" /><testcase classname="tests.test_iter6.TestAutopilotPhases" name="test_phase_lanzamiento_multiplier_and_structure" time="0.092" /><testcase classname="tests.test_iter6.TestAutopilotPhases" name="test_phase_dominio_multiplier" time="0.044" /><testcase classname="tests.test_iter6.TestAutopilotPhases" name="test_phase_beneficio_multiplier" time="0.044" /><testcase classname="tests.test_iter6.TestAutopilotPhases" name="test_invalid_phase_400" time="0.042" /><testcase classname="tests.test_iter6.TestAutopilotPhases" name="test_beneficio_has_more_pauses_than_dominio_and_lanzamiento" time="0.130" /><testcase classname="tests.test_iter6.TestAutopilotPhases" name="test_hard_pause_rules_per_phase" time="0.130" /><testcase classname="tests.test_iter6.TestAutopilotPhases" name="test_scale_rule_lanzamiento_plus20" time="0.043" /><testcase classname="tests.test_iter6.TestAutopilotPhases" name="test_scale_rule_dominio_plus15" time="0.044" /><testcase classname="tests.test_iter6.TestAutopilotPhases" name="test_scale_rule_beneficio_plus10" time="0.044" /><testcase classname="tests.test_iter6.TestAutopilotExportPhases" name="test_export_csv_differs_by_phase" time="0.087" /><testcase classname="tests.test_iter6.TestKeywordInlineEditCampaignMatch" name="test_put_keyword_campaign_reflects_in_unified" time="0.088" /><testcase classname="tests.test_iter6.TestKeywordInlineEditCampaignMatch" name="test_put_keyword_match_type_reflects_in_unified" time="0.089" /><testcase classname="tests.test_iter6.TestKeywordInlineEditCampaignMatch" name="test_put_keyword_campaign_and_match_together" time="0.130" /><testcase classname="tests.test_iter8_merge_edge.TestSequentialPartialUpdatesMerge" name="test_three_sequential_partial_puts_merge" time="0.307" /><testcase classname="tests.test_iter9.TestPhase" name="test_set_phase_valid" time="0.179" /><testcase classname="tests.test_iter9.TestPhase" name="test_set_phase_invalid_400" time="0.042" /><testcase classname="tests.test_iter9.TestPhase" name="test_set_phase_404" time="0.043" /><testcase classname="tests.test_iter9.TestMarketCriteria" name="test_get_defaults_es" time="0.043" /><testcase classname="tests.test_iter9.TestMarketCriteria" name="test_get_defaults_us" time="0.043" /><testcase classname="tests.test_iter9.TestMarketCriteria" name="test_put_partial_merge" time="0.129" /><testcase classname="tests.test_iter9.TestMarketCriteria" name="test_delete_resets_to_defaults" time="0.087" /><testcase classname="tests.test_iter9.TestCampaignsList" name="test_campaigns_list_unique_sorted" time="0.043" /><testcase classname="tests.test_iter9.TestCampaignsList" name="test_campaigns_list_includes_overrides" time="0.088" /><testcase classname="tests.test_iter9.TestBackup" name="test_backup_returns_json" time="0.044" /><testcase classname="tests.test_iter9.TestBackup" name="test_restore_replaces_content" time="0.130" /><testcase classname="tests.test_iter9.TestBackup" name="test_restore_invalid_json_400" time="0.042" /><testcase classname="tests.test_iter9.TestBackup" name="test_restore_missing_dataset_key_400" time="0.043" /><testcase classname="tests.test_iter9.TestKeywordsUnifiedV2" name="test_includes_market_score_and_campaigns" time="0.044" /><testcase classname="tests.test_iter9.TestKeywordsUnifiedV2" name="test_market_score_changes_with_criteria" time="0.351" /><testcase classname="tests.test_iter9.TestAiRecs" name="test_ai_recommendations_responds" time="25.571" /><testcase classname="tests.test_iter9.TestRegression" name="test_list_datasets" time="0.044" /><testcase classname="tests.test_iter9.TestRegression" name="test_campaigns_endpoint" time="0.043" /><testcase classname="tests.test_iter9.TestRegression" name="test_search_terms" time="0.086" /><testcase classname="tests.test_kdp_economy" name="test_normalize_mp_lowercase_us_maps_to_com" time="0.000" /><testcase classname="tests.test_kdp_economy" name="test_normalize_mp_lowercase_es_maps_to_upper" time="0.000" /><testcase classname="tests.test_kdp_economy" name="test_normalize_mp_unknown_falls_back_to_com" time="0.000" /><testcase classname="tests.test_kdp_economy" name="test_precio_sin_iva_es_con_iva_4" time="0.000" /><testcase classname="tests.test_kdp_economy" name="test_precio_sin_iva_es_iva_21" time="0.000" /><testcase classname="tests.test_kdp_economy" name="test_precio_sin_iva_us_sin_iva" time="0.000" /><testcase classname="tests.test_kdp_economy" name="test_precio_sin_iva_de_sin_iva_aunque_es_eu" time="0.000" /><testcase classname="tests.test_kdp_economy" name="test_delivery_cost_70pct_2mb_rounds_up" time="0.000" /><testcase classname="tests.test_kdp_economy" name="test_delivery_cost_35pct_always_zero" time="0.000" /><testcase classname="tests.test_kdp_economy" name="test_delivery_cost_zero_mb_is_zero" time="0.000" /><testcase classname="tests.test_kdp_economy" name="test_coste_impresion_bn_small_eu_110p" time="0.000" /><testcase classname="tests.test_kdp_economy" name="test_coste_impresion_bn_small_com_200p" time="0.000" /><testcase classname="tests.test_kdp_economy" name="test_coste_impresion_color_standard_au_raises" time="0.000" /><testcase classname="tests.test_kdp_economy" name="test_coste_impresion_color_standard_jp_raises" time="0.000" /><testcase classname="tests.test_kdp_economy" name="test_coste_impresion_hardcover_es_adds_572" time="0.000" /><testcase classname="tests.test_kdp_economy" name="test_coste_impresion_hardcover_color_standard_raises" time="0.000" /><testcase classname="tests.test_kdp_economy" name="test_coste_impresion_color_standard_below_72_raises" time="0.000" /><testcase classname="tests.test_kdp_economy" name="test_coste_impresion_over_max_raises" time="0.000" /><testcase classname="tests.test_kdp_economy" name="test_regalia_neta_ebook_70_con_delivery" time="0.000" /><testcase classname="tests.test_kdp_economy" name="test_regalia_neta_ebook_35_sin_delivery" time="0.000" /><testcase classname="tests.test_kdp_economy" name="test_regalia_neta_paperback_pvp_bajo_usa_50pct" time="0.000" /><testcase classname="tests.test_kdp_economy" name="test_regalia_neta_paperback_pvp_alto_usa_60pct" time="0.000" /><testcase classname="tests.test_kdp_economy" name="test_regalia_neta_uses_marketplace_specific_royalty_threshold" time="0.000" /><testcase classname="tests.test_kdp_economy" name="test_acos_pe_es_regalia_entre_pvp_por_100" time="0.000" /><testcase classname="tests.test_kdp_economy" name="test_acos_pe_none_pvp_zero" time="0.000" /><testcase classname="tests.test_kdp_economy" name="test_cpc_max_rentable_regalia_div_10" time="0.000" /><testcase classname="tests.test_kdp_economy" name="test_clicks_pe_base_regalia_div_cpc_ref" time="0.000" /><testcase classname="tests.test_kdp_economy" name="test_clicks_pe_base_sin_cpc_ref_returns_none" time="0.000" /><testcase classname="tests.test_kdp_economy" name="test_tasa_conv_breakeven" time="0.000" /><testcase classname="tests.test_kdp_economy" name="test_beneficio_kdp_correct_formula" time="0.000" /><testcase classname="tests.test_kdp_economy" name="test_beneficio_kdp_handles_none_as_zero" time="0.000" /><testcase classname="tests.test_kdp_economy" name="test_scoring_clicks_14_gives_50" time="0.000" /><testcase classname="tests.test_kdp_economy" name="test_scoring_clicks_13_gives_35" time="0.000" /><testcase classname="tests.test_kdp_economy" name="test_scoring_clicks_12_gives_25" time="0.000" /><testcase classname="tests.test_kdp_economy" name="test_scoring_clicks_11_gives_15" time="0.000" /><testcase classname="tests.test_kdp_economy" name="test_scoring_clicks_10_gives_10_not_zero" time="0.000" /><testcase classname="tests.test_kdp_economy" name="test_scoring_clicks_below_10_gives_0" time="0.000" /><testcase classname="tests.test_kdp_economy" name="test_scoring_clicks_none_gives_0" time="0.000" /><testcase classname="tests.test_kdp_economy" name="test_scoring_acos_pe_40_gives_40" time="0.000" /><testcase classname="tests.test_kdp_economy" name="test_scoring_acos_pe_35_gives_25" time="0.000" /><testcase classname="tests.test_kdp_economy" name="test_scoring_acos_pe_30_gives_15" time="0.000" /><testcase classname="tests.test_kdp_economy" name="test_scoring_acos_pe_29_gives_0" time="0.000" /><testcase classname="tests.test_kdp_economy" name="test_scoring_pvp_vs_pvp_min_mayor_10pts" time="0.000" /><testcase classname="tests.test_kdp_economy" name="test_scoring_pvp_vs_pvp_min_igual_5pts" time="0.000" /><testcase classname="tests.test_kdp_economy" name="test_scoring_pvp_vs_pvp_min_menor_0pts" time="0.000" /><testcase classname="tests.test_kdp_economy" name="test_diagnose_high_risk_low_clicks" time="0.000" /><testcase classname="tests.test_kdp_economy" name="test_diagnose_medium_risk_margen_35" time="0.000" /><testcase classname="tests.test_kdp_economy" name="test_diagnose_low_risk_all_good" time="0.000" /><testcase classname="tests.test_kdp_economy" name="test_diagnose_not_viable_regalia_negativa" time="0.000" /><testcase classname="tests.test_kdp_economy" name="test_diagnose_adjustable_margen_bajo" time="0.000" /><testcase classname="tests.test_kdp_economy" name="test_diagnose_viable_all_green" time="0.000" /><testcase classname="tests.test_kdp_economy" name="test_pvp_minimo_ebook_70_finite" time="0.000" /><testcase classname="tests.test_kdp_economy" name="test_pvp_minimo_paperback_cuando_60pct_da_bajo_threshold" time="0.000" /><testcase classname="tests.test_kdp_economy" name="test_pvp_minimo_no_factible_margen_imposible_ebook_35" time="0.000" /><testcase classname="tests.test_kdp_economy" name="test_compute_full_diagnosis_legacy_mode_when_no_format_type" time="0.001" /><testcase classname="tests.test_kdp_economy" name="test_compute_full_diagnosis_kdp_mode_returns_full_payload" time="0.000" /><testcase classname="tests.test_kdp_economy" name="test_compute_full_diagnosis_accepts_lowercase_legacy_marketplace" time="0.000" /><testcase classname="tests.test_phase1_compat" name="test_keywords_unified_phase1_legacy_keys_still_present" time="0.043" /><testcase classname="tests.test_phase1_compat" name="test_autopilot_identical_to_pre_phase1_fixture" time="0.026" /><testcase classname="tests.test_phase1_compat" name="test_economy_diagnosis_legacy_mode_for_existing_dataset" time="0.025" /><testcase classname="tests.test_phase1_compat" name="test_economy_diagnosis_uppercase_marketplace_in_response" time="0.025" /><testcase classname="tests.test_phase2_compat" name="test_autopilot_unchanged_in_phase2" time="0.027" /><testcase classname="tests.test_phase2_compat" name="test_importer_response_identical_to_phase2_fixture" time="0.055" /><testcase classname="tests.test_phase2_compat" name="test_keywords_unified_api_contract_preserved" time="0.029" /><testcase classname="tests.test_phase2_compat" name="test_keywords_unified_adds_phase2_fields" time="0.027" /><testcase classname="tests.test_phase2_compat" name="test_targeting_and_customer_search_term_kept_separate" time="0.027" /><testcase classname="tests.test_phase2_metrics" name="test_cpc_real_spend_div_clicks" time="0.000" /><testcase classname="tests.test_phase2_metrics" name="test_cpc_real_null_when_clicks_zero" time="0.000" /><testcase classname="tests.test_phase2_metrics" name="test_cpc_real_null_when_spend_zero" time="0.000" /><testcase classname="tests.test_phase2_metrics" name="test_clicks_pe_regalia_div_cpc_real" time="0.000" /><testcase classname="tests.test_phase2_metrics" name="test_clicks_fase_uses_dataset_multiplier_not_new_defaults" time="0.000" /><testcase classname="tests.test_phase2_metrics" name="test_clicks_fase_dominio_uses_12" time="0.000" /><testcase classname="tests.test_phase2_metrics" name="test_clicks_fase_beneficio_uses_05" time="0.000" /><testcase classname="tests.test_phase2_metrics" name="test_consumo_pe_clicks_div_clicks_pe" time="0.000" /><testcase classname="tests.test_phase2_metrics" name="test_consumo_fase_clicks_div_clicks_fase" time="0.000" /><testcase classname="tests.test_phase2_metrics" name="test_beneficio_kdp_orders_by_regalia_minus_spend" time="0.000" /><testcase classname="tests.test_phase2_metrics" name="test_beneficio_kdp_negative_when_losing_money" time="0.000" /><testcase classname="tests.test_phase2_metrics" name="test_beneficio_kdp_null_without_regalia" time="0.000" /><testcase classname="tests.test_phase2_metrics" name="test_cpc_source_reference_when_no_real_data_but_cpc_ref_set" time="0.000" /><testcase classname="tests.test_phase2_metrics" name="test_consumo_pe_is_zero_when_no_clicks_yet_but_clicks_pe_known" time="0.000" /><testcase classname="tests.test_phase2_metrics" name="test_cpc_source_none_when_nothing" time="0.000" /><testcase classname="tests.test_phase2_metrics" name="test_division_by_zero_safe_everywhere" time="0.000" /><testcase classname="tests.test_phase2_metrics" name="test_acos_siguiente_con_venta_with_pvp_and_real_cpc" time="0.000" /><testcase classname="tests.test_phase2_metrics" name="test_acos_siguiente_con_venta_null_without_pvp" time="0.000" /><testcase classname="tests.test_phase2_metrics" name="test_acos_siguiente_con_venta_uses_reference_cpc_when_no_real" time="0.000" /><testcase classname="tests.test_phase2_metrics" name="test_resolve_regalia_neta_kdp_when_format_type_set" time="0.000" /><testcase classname="tests.test_phase2_metrics" name="test_resolve_regalia_neta_legacy_when_no_format" time="0.000" /><testcase classname="tests.test_phase2_metrics" name="test_resolve_regalia_neta_none_when_nothing" time="0.000" /><testcase classname="tests.test_phase2_metrics" name="test_resolve_regalia_neta_kdp_falls_back_to_legacy_on_invalid_kdp" time="0.046" /></testsuite></testsuites>