<?xml version="1.0" encoding="utf-8"?><testsuites name="pytest tests"><testsuite name="pytest" errors="0" failures="1" skipped="0" tests="16" time="2.344" timestamp="2026-04-22T10:41:17.998604+00:00" hostname="agent-env-c65fbd88-56ef-4d81-b946-32fa68065431"><testcase classname="backend.tests.test_iter5.TestSimulation" name="test_simulation_present_with_price" time="0.347" /><testcase classname="backend.tests.test_iter5.TestSimulation" name="test_simulation_null_when_no_price" time="0.161" /><testcase classname="backend.tests.test_iter5.TestSimulation" name="test_simulation_no_sale_null_when_no_sales" time="0.057" /><testcase classname="backend.tests.test_iter5.TestCampaignPlansCRUD" name="test_list_empty" time="0.052"><failure message="assert 404 == 200&#10; +  where 404 = &lt;Response [404]&gt;.status_code">backend/tests/test_iter5.py:95: in test_list_empty
    assert r.status_code == 200
E   assert 404 == 200
E    +  where 404 = &lt;Response [404]&gt;.status_code</failure></testcase><testcase classname="backend.tests.test_iter5.TestCampaignPlansCRUD" name="test_create_plan" time="0.102" /><testcase classname="backend.tests.test_iter5.TestCampaignPlansCRUD" name="test_create_empty_name_400" time="0.049" /><testcase classname="backend.tests.test_iter5.TestCampaignPlansCRUD" name="test_create_unknown_dataset_404" time="0.053" /><testcase classname="backend.tests.test_iter5.TestCampaignPlansCRUD" name="test_update_plan" time="0.202" /><testcase classname="backend.tests.test_iter5.TestCampaignPlansCRUD" name="test_delete_plan" time="0.155" /><testcase classname="backend.tests.test_iter5.TestCampaignPlansCRUD" name="test_update_unknown_dataset_404" time="0.059" /><testcase classname="backend.tests.test_iter5.TestPlanSummary" name="test_summary_totals_and_phase_target" time="0.208" /><testcase classname="backend.tests.test_iter5.TestPlanSummary" name="test_phase_multipliers" time="0.524" /><testcase classname="backend.tests.test_iter5.TestPlanSummary" name="test_summary_plan_404" time="0.050" /><testcase classname="backend.tests.test_iter5.TestExportNegatives" name="test_csv_header_and_rows" time="0.051" /><testcase classname="backend.tests.test_iter5.TestExportNegatives" name="test_min_clicks_filter" time="0.049" /><testcase classname="backend.tests.test_iter5.TestExportNegatives" name="test_export_404" time="0.103" /></testsuite></testsuites>