<?xml version="1.0" encoding="utf-8"?><testsuites name="pytest tests"><testsuite name="pytest" errors="0" failures="0" skipped="0" tests="16" time="2.078" timestamp="2026-04-22T10:45:24.649251+00:00" hostname="agent-env-c65fbd88-56ef-4d81-b946-32fa68065431"><testcase classname="backend.tests.test_iter5.TestSimulation" name="test_simulation_present_with_price" time="0.272" /><testcase classname="backend.tests.test_iter5.TestSimulation" name="test_simulation_null_when_no_price" time="0.149" /><testcase classname="backend.tests.test_iter5.TestSimulation" name="test_simulation_no_sale_null_when_no_sales" time="0.056" /><testcase classname="backend.tests.test_iter5.TestCampaignPlansCRUD" name="test_list_empty" time="0.045" /><testcase classname="backend.tests.test_iter5.TestCampaignPlansCRUD" name="test_create_plan" time="0.095" /><testcase classname="backend.tests.test_iter5.TestCampaignPlansCRUD" name="test_create_empty_name_400" time="0.058" /><testcase classname="backend.tests.test_iter5.TestCampaignPlansCRUD" name="test_create_unknown_dataset_404" time="0.052" /><testcase classname="backend.tests.test_iter5.TestCampaignPlansCRUD" name="test_update_plan" time="0.186" /><testcase classname="backend.tests.test_iter5.TestCampaignPlansCRUD" name="test_delete_plan" time="0.143" /><testcase classname="backend.tests.test_iter5.TestCampaignPlansCRUD" name="test_update_unknown_dataset_404" time="0.048" /><testcase classname="backend.tests.test_iter5.TestPlanSummary" name="test_summary_totals_and_phase_target" time="0.191" /><testcase classname="backend.tests.test_iter5.TestPlanSummary" name="test_phase_multipliers" time="0.477" /><testcase classname="backend.tests.test_iter5.TestPlanSummary" name="test_summary_plan_404" time="0.046" /><testcase classname="backend.tests.test_iter5.TestExportNegatives" name="test_csv_header_and_rows" time="0.049" /><testcase classname="backend.tests.test_iter5.TestExportNegatives" name="test_min_clicks_filter" time="0.048" /><testcase classname="backend.tests.test_iter5.TestExportNegatives" name="test_export_404" time="0.094" /></testsuite></testsuites>