<?xml version="1.0" encoding="utf-8"?><testsuites name="pytest tests"><testsuite name="pytest" errors="0" failures="0" skipped="0" tests="78" time="40.133" timestamp="2026-04-24T07:16:09.025255+00:00" hostname="agent-env-c65fbd88-56ef-4d81-b946-32fa68065431"><testcase classname="backend.tests.backend_test.TestHealth" name="test_root" time="0.124" /><testcase classname="backend.tests.backend_test.TestBookSettings" name="test_put_book_persists" time="0.151" /><testcase classname="backend.tests.backend_test.TestBookSettings" name="test_put_book_404_unknown_dataset" time="0.048" /><testcase classname="backend.tests.backend_test.TestKeywordsUnified" name="test_unified_structure_and_formulas" time="0.094" /><testcase classname="backend.tests.backend_test.TestKeywordsUnified" name="test_unified_without_economy_sin_datos" time="0.146" /><testcase classname="backend.tests.backend_test.TestCampaignsWithEconomy" name="test_campaigns_include_badge_and_acos_next" time="0.093" /><testcase classname="backend.tests.backend_test.TestSearchTermsWithEconomy" name="test_search_terms_include_badge_and_acos_next" time="0.105" /><testcase classname="backend.tests.backend_test.TestUploadSizeLimit" name="test_upload_too_large_413" time="0.859" /><testcase classname="backend.tests.backend_test.TestUploadCSVEN" name="test_upload_returns_metadata" time="0.000" /><testcase classname="backend.tests.backend_test.TestUploadCSVEN" name="test_kpis_computed" time="0.000" /><testcase classname="backend.tests.backend_test.TestUploadCSVES" name="test_upload_es_mapping" time="0.053" /><testcase classname="backend.tests.backend_test.TestUploadXLSX" name="test_upload_xlsx" time="0.348" /><testcase classname="backend.tests.backend_test.TestUploadInvalid" name="test_invalid_file_400" time="0.051" /><testcase classname="backend.tests.backend_test.TestUploadInvalid" name="test_empty_csv_400" time="0.049" /><testcase classname="backend.tests.backend_test.TestListDatasets" name="test_list_excludes_internal_fields" time="0.050" /><testcase classname="backend.tests.backend_test.TestListDatasets" name="test_list_filtered_by_marketplace" time="0.046" /><testcase classname="backend.tests.backend_test.TestGetDataset" name="test_get_full_dataset" time="0.046" /><testcase classname="backend.tests.backend_test.TestGetDataset" name="test_get_404" time="0.045" /><testcase classname="backend.tests.backend_test.TestCampaigns" name="test_aggregate_by_campaign" time="0.043" /><testcase classname="backend.tests.backend_test.TestSearchTerms" name="test_search_terms_with_negative_flag" time="0.048" /><testcase classname="backend.tests.backend_test.TestTimeseries" name="test_timeseries_by_date" time="0.046" /><testcase classname="backend.tests.backend_test.TestTimeseries" name="test_timeseries_fallback_campaign" time="0.046" /><testcase classname="backend.tests.backend_test.TestAIRecommendations" name="test_ai_recs" time="31.601" /><testcase classname="backend.tests.backend_test.TestDelete" name="test_delete_dataset" time="0.216" /><testcase classname="backend.tests.backend_test.TestIter3Overrides" name="test_upsert_keyword_updates_unified" time="0.191" /><testcase classname="backend.tests.backend_test.TestIter3Overrides" name="test_upsert_empty_term_400" time="0.045" /><testcase classname="backend.tests.backend_test.TestIter3Overrides" name="test_upsert_unknown_dataset_404" time="0.047" /><testcase classname="backend.tests.backend_test.TestIter3Overrides" name="test_delete_keyword_restores_aggregated" time="0.188" /><testcase classname="backend.tests.backend_test.TestIter3Campaign" name="test_create_campaign_with_keywords" time="0.238" /><testcase classname="backend.tests.backend_test.TestIter3Campaign" name="test_create_campaign_empty_name_400" time="0.045" /><testcase classname="backend.tests.backend_test.TestIter3Snapshots" name="test_snapshot_all_and_dedupe_same_day" time="0.233" /><testcase classname="backend.tests.backend_test.TestIter3Snapshots" name="test_get_snapshots_unknown_term_returns_empty" time="0.053" /><testcase classname="backend.tests.backend_test.TestIter3Snapshots" name="test_snapshot_all_404" time="0.049" /><testcase classname="backend.tests.backend_test.TestIter3KeywordDetail" name="test_keyword_detail_full_payload" time="0.091" /><testcase classname="backend.tests.backend_test.TestIter3KeywordDetail" name="test_keyword_detail_unknown_term_is_manual_false" time="0.045" /><testcase classname="backend.tests.backend_test.TestIter3KeywordDetail" name="test_keyword_detail_404" time="0.046" /><testcase classname="backend.tests.backend_test.TestIter3UnifiedSummary" name="test_keywords_unified_has_summary_block" time="0.094" /><testcase classname="backend.tests.test_iter4.TestMarketScoreUnit" name="test_all_zeros" time="0.000" /><testcase classname="backend.tests.test_iter4.TestMarketScoreUnit" name="test_strong_niche" time="0.000" /><testcase classname="backend.tests.test_iter4.TestMarketScoreUnit" name="test_score_increases_with_volume" time="0.000" /><testcase classname="backend.tests.test_iter4.TestMarketScoreUnit" name="test_score_increases_with_demand_and_competition_checks" time="0.000" /><testcase classname="backend.tests.test_iter4.TestMarketScoreUnit" name="test_label_bands" time="0.000" /><testcase classname="backend.tests.test_iter4.TestAcosSinVentaUnit" name="test_formula" time="0.000" /><testcase classname="backend.tests.test_iter4.TestAcosSinVentaUnit" name="test_none_when_no_sales" time="0.000" /><testcase classname="backend.tests.test_iter4.TestNicheFieldsPersistence" name="test_put_keyword_with_niche_fields" time="0.296" /><testcase classname="backend.tests.test_iter4.TestNicheFieldsPersistence" name="test_keyword_detail_market_score_payload" time="0.046" /><testcase classname="backend.tests.test_iter4.TestAutoSpend" name="test_auto_spend_overwrites_spend" time="0.143" /><testcase classname="backend.tests.test_iter4.TestAutoSpend" name="test_no_auto_spend_keeps_spend" time="0.148" /><testcase classname="backend.tests.test_iter4.TestAcosSinVentaInUnified" name="test_acos_sin_venta_in_row" time="0.093" /><testcase classname="backend.tests.test_iter5.TestSimulation" name="test_simulation_present_with_price" time="0.247" /><testcase classname="backend.tests.test_iter5.TestSimulation" name="test_simulation_null_when_no_price" time="0.160" /><testcase classname="backend.tests.test_iter5.TestSimulation" name="test_simulation_no_sale_null_when_no_sales" time="0.049" /><testcase classname="backend.tests.test_iter5.TestCampaignPlansCRUD" name="test_list_empty" time="0.048" /><testcase classname="backend.tests.test_iter5.TestCampaignPlansCRUD" name="test_create_plan" time="0.116" /><testcase classname="backend.tests.test_iter5.TestCampaignPlansCRUD" name="test_create_empty_name_400" time="0.047" /><testcase classname="backend.tests.test_iter5.TestCampaignPlansCRUD" name="test_create_unknown_dataset_404" time="0.048" /><testcase classname="backend.tests.test_iter5.TestCampaignPlansCRUD" name="test_update_plan" time="0.192" /><testcase classname="backend.tests.test_iter5.TestCampaignPlansCRUD" name="test_delete_plan" time="0.156" /><testcase classname="backend.tests.test_iter5.TestCampaignPlansCRUD" name="test_update_unknown_dataset_404" time="0.052" /><testcase classname="backend.tests.test_iter5.TestPlanSummary" name="test_summary_totals_and_phase_target" time="0.197" /><testcase classname="backend.tests.test_iter5.TestPlanSummary" name="test_phase_multipliers" time="0.518" /><testcase classname="backend.tests.test_iter5.TestPlanSummary" name="test_summary_plan_404" time="0.053" /><testcase classname="backend.tests.test_iter5.TestExportNegatives" name="test_csv_header_and_rows" time="0.054" /><testcase classname="backend.tests.test_iter5.TestExportNegatives" name="test_min_clicks_filter" time="0.053" /><testcase classname="backend.tests.test_iter5.TestExportNegatives" name="test_export_404" time="0.100" /><testcase classname="backend.tests.test_iter6.TestAutopilotPhases" name="test_phase_lanzamiento_multiplier_and_structure" time="0.200" /><testcase classname="backend.tests.test_iter6.TestAutopilotPhases" name="test_phase_dominio_multiplier" time="0.048" /><testcase classname="backend.tests.test_iter6.TestAutopilotPhases" name="test_phase_beneficio_multiplier" time="0.048" /><testcase classname="backend.tests.test_iter6.TestAutopilotPhases" name="test_invalid_phase_400" time="0.047" /><testcase classname="backend.tests.test_iter6.TestAutopilotPhases" name="test_beneficio_has_more_pauses_than_dominio_and_lanzamiento" time="0.137" /><testcase classname="backend.tests.test_iter6.TestAutopilotPhases" name="test_hard_pause_rules_per_phase" time="0.134" /><testcase classname="backend.tests.test_iter6.TestAutopilotPhases" name="test_scale_rule_lanzamiento_plus20" time="0.045" /><testcase classname="backend.tests.test_iter6.TestAutopilotPhases" name="test_scale_rule_dominio_plus15" time="0.044" /><testcase classname="backend.tests.test_iter6.TestAutopilotPhases" name="test_scale_rule_beneficio_plus10" time="0.049" /><testcase classname="backend.tests.test_iter6.TestAutopilotExportPhases" name="test_export_csv_differs_by_phase" time="0.089" /><testcase classname="backend.tests.test_iter6.TestKeywordInlineEditCampaignMatch" name="test_put_keyword_campaign_reflects_in_unified" time="0.093" /><testcase classname="backend.tests.test_iter6.TestKeywordInlineEditCampaignMatch" name="test_put_keyword_match_type_reflects_in_unified" time="0.118" /><testcase classname="backend.tests.test_iter6.TestKeywordInlineEditCampaignMatch" name="test_put_keyword_campaign_and_match_together" time="0.231" /></testsuite></testsuites>